<?xml version="1.0" encoding="UTF-8"?>
<!-- Generated by org.testng.reporters.JUnitReportReporter -->
<testsuite hostname="LAPTOP-B0UCABTJ" failures="0" tests="1000" name="assignment1.A" time="0.199" errors="0" timestamp="2022-04-17T21:50:47 IST" skipped="0">
  <testcase classname="assignment1.A" name="m1" time="0.000"/>
  <system-out/>
  <testcase classname="assignment1.A" name="m1" time="0.000"/>
  <system-out/>
  <testcase classname="assignment1.A" name="m1" time="0.000"/>
  <system-out/>
  <testcase classname="assignment1.A" name="m1" time="0.000"/>
  <system-out/>
  <testcase classname="assignment1.A" name="m1" time="0.000"/>
  <system-out/>
  <testcase classname="assignment1.A" name="m1" time="0.000"/>
  <system-out/>
  <testcase classname="assignment1.A" name="m1" time="0.001"/>
  <system-out/>
  <testcase classname="assignment1.A" name="m1" time="0.001"/>
  <system-out/>
  <testcase classname="assignment1.A" name="m1" time="0.000"/>
  <system-out/>
  <testcase classname="assignment1.A" name="m1" time="0.000"/>
  <system-out/>
  <testcase classname="assignment1.A" name="m1" time="0.000"/>
  <system-out/>
  <testcase classname="assignment1.A" name="m1" time="0.001"/>
  <system-out/>
  <testcase classname="assignment1.A" name="m1" time="0.001"/>
  <system-out/>
  <testcase classname="assignment1.A" name="m1" time="0.001"/>
  <system-out/>
  <testcase classname="assignment1.A" name="m1" time="0.000"/>
  <system-out/>
  <testcase classname="assignment1.A" name="m1" time="0.000"/>
  <system-out/>
  <testcase classname="assignment1.A" name="m1" time="0.000"/>
  <system-out/>
  <testcase classname="assignment1.A" name="m1" time="0.000"/>
  <system-out/>
  <testcase classname="assignment1.A" name="m1" time="0.000"/>
  <system-out/>
  <testcase classname="assignment1.A" name="m1" time="0.000"/>
  <system-out/>
  <testcase classname="assignment1.A" name="m1" time="0.000"/>
  <system-out/>
  <testcase classname="assignment1.A" name="m1" time="0.000"/>
  <system-out/>
  <testcase classname="assignment1.A" name="m1" time="0.000"/>
  <system-out/>
  <testcase classname="assignment1.A" name="m1" time="0.000"/>
  <system-out/>
  <testcase classname="assignment1.A" name="m1" time="0.000"/>
  <system-out/>
  <testcase classname="assignment1.A" name="m1" time="0.000"/>
  <system-out/>
  <testcase classname="assignment1.A" name="m1" time="0.001"/>
  <system-out/>
  <testcase classname="assignment1.A" name="m1" time="0.000"/>
  <system-out/>
  <testcase classname="assignment1.A" name="m1" time="0.000"/>
  <system-out/>
  <testcase classname="assignment1.A" name="m1" time="0.000"/>
  <system-out/>
  <testcase classname="assignment1.A" name="m1" time="0.000"/>
  <system-out/>
  <testcase classname="assignment1.A" name="m1" time="0.000"/>
  <system-out/>
  <testcase classname="assignment1.A" name="m1" time="0.000"/>
  <system-out/>
  <testcase classname="assignment1.A" name="m1" time="0.000"/>
  <system-out/>
  <testcase classname="assignment1.A" name="m1" time="0.000"/>
  <system-out/>
  <testcase classname="assignment1.A" name="m1" time="0.000"/>
  <system-out/>
  <testcase classname="assignment1.A" name="m1" time="0.000"/>
  <system-out/>
  <testcase classname="assignment1.A" name="m1" time="0.001"/>
  <system-out/>
  <testcase classname="assignment1.A" name="m1" time="0.000"/>
  <system-out/>
  <testcase classname="assignment1.A" name="m1" time="0.000"/>
  <system-out/>
  <testcase classname="assignment1.A" name="m1" time="0.000"/>
  <system-out/>
  <testcase classname="assignment1.A" name="m1" time="0.000"/>
  <system-out/>
  <testcase classname="assignment1.A" name="m1" time="0.000"/>
  <system-out/>
  <testcase classname="assignment1.A" name="m1" time="0.000"/>
  <system-out/>
  <testcase classname="assignment1.A" name="m1" time="0.000"/>
  <system-out/>
  <testcase classname="assignment1.A" name="m1" time="0.001"/>
  <system-out/>
  <testcase classname="assignment1.A" name="m1" time="0.000"/>
  <system-out/>
  <testcase classname="assignment1.A" name="m1" time="0.000"/>
  <system-out/>
  <testcase classname="assignment1.A" name="m1" time="0.000"/>
  <system-out/>
  <testcase classname="assignment1.A" name="m1" time="0.000"/>
  <system-out/>
  <testcase classname="assignment1.A" name="m1" time="0.000"/>
  <system-out/>
  <testcase classname="assignment1.A" name="m1" time="0.000"/>
  <system-out/>
  <testcase classname="assignment1.A" name="m1" time="0.000"/>
  <system-out/>
  <testcase classname="assignment1.A" name="m1" time="0.000"/>
  <system-out/>
  <testcase classname="assignment1.A" name="m1" time="0.000"/>
  <system-out/>
  <testcase classname="assignment1.A" name="m1" time="0.000"/>
  <system-out/>
  <testcase classname="assignment1.A" name="m1" time="0.001"/>
  <system-out/>
  <testcase classname="assignment1.A" name="m1" time="0.000"/>
  <system-out/>
  <testcase classname="assignment1.A" name="m1" time="0.000"/>
  <system-out/>
  <testcase classname="assignment1.A" name="m1" time="0.000"/>
  <system-out/>
  <testcase classname="assignment1.A" name="m1" time="0.000"/>
  <system-out/>
  <testcase classname="assignment1.A" name="m1" time="0.001"/>
  <system-out/>
  <testcase classname="assignment1.A" name="m1" time="0.001"/>
  <system-out/>
  <testcase classname="assignment1.A" name="m1" time="0.000"/>
  <system-out/>
  <testcase classname="assignment1.A" name="m1" time="0.001"/>
  <system-out/>
  <testcase classname="assignment1.A" name="m1" time="0.000"/>
  <system-out/>
  <testcase classname="assignment1.A" name="m1" time="0.000"/>
  <system-out/>
  <testcase classname="assignment1.A" name="m1" time="0.000"/>
  <system-out/>
  <testcase classname="assignment1.A" name="m1" time="0.000"/>
  <system-out/>
  <testcase classname="assignment1.A" name="m1" time="0.000"/>
  <system-out/>
  <testcase classname="assignment1.A" name="m1" time="0.000"/>
  <system-out/>
  <testcase classname="assignment1.A" name="m1" time="0.000"/>
  <system-out/>
  <testcase classname="assignment1.A" name="m1" time="0.000"/>
  <system-out/>
  <testcase classname="assignment1.A" name="m1" time="0.000"/>
  <system-out/>
  <testcase classname="assignment1.A" name="m1" time="0.000"/>
  <system-out/>
  <testcase classname="assignment1.A" name="m1" time="0.000"/>
  <system-out/>
  <testcase classname="assignment1.A" name="m1" time="0.000"/>
  <system-out/>
  <testcase classname="assignment1.A" name="m1" time="0.000"/>
  <system-out/>
  <testcase classname="assignment1.A" name="m1" time="0.000"/>
  <system-out/>
  <testcase classname="assignment1.A" name="m1" time="0.000"/>
  <system-out/>
  <testcase classname="assignment1.A" name="m1" time="0.000"/>
  <system-out/>
  <testcase classname="assignment1.A" name="m1" time="0.000"/>
  <system-out/>
  <testcase classname="assignment1.A" name="m1" time="0.000"/>
  <system-out/>
  <testcase classname="assignment1.A" name="m1" time="0.000"/>
  <system-out/>
  <testcase classname="assignment1.A" name="m1" time="0.000"/>
  <system-out/>
  <testcase classname="assignment1.A" name="m1" time="0.000"/>
  <system-out/>
  <testcase classname="assignment1.A" name="m1" time="0.000"/>
  <system-out/>
  <testcase classname="assignment1.A" name="m1" time="0.001"/>
  <system-out/>
  <testcase classname="assignment1.A" name="m1" time="0.000"/>
  <system-out/>
  <testcase classname="assignment1.A" name="m1" time="0.000"/>
  <system-out/>
  <testcase classname="assignment1.A" name="m1" time="0.000"/>
  <system-out/>
  <testcase classname="assignment1.A" name="m1" time="0.000"/>
  <system-out/>
  <testcase classname="assignment1.A" name="m1" time="0.000"/>
  <system-out/>
  <testcase classname="assignment1.A" name="m1" time="0.000"/>
  <system-out/>
  <testcase classname="assignment1.A" name="m1" time="0.001"/>
  <system-out/>
  <testcase classname="assignment1.A" name="m1" time="0.000"/>
  <system-out/>
  <testcase classname="assignment1.A" name="m1" time="0.000"/>
  <system-out/>
  <testcase classname="assignment1.A" name="m1" time="0.003"/>
  <system-out/>
  <testcase classname="assignment1.A" name="m1" time="0.001"/>
  <system-out/>
  <testcase classname="assignment1.A" name="m1" time="0.001"/>
  <system-out/>
  <testcase classname="assignment1.A" name="m1" time="0.000"/>
  <system-out/>
  <testcase classname="assignment1.A" name="m1" time="0.000"/>
  <system-out/>
  <testcase classname="assignment1.A" name="m1" time="0.000"/>
  <system-out/>
  <testcase classname="assignment1.A" name="m1" time="0.001"/>
  <system-out/>
  <testcase classname="assignment1.A" name="m1" time="0.000"/>
  <system-out/>
  <testcase classname="assignment1.A" name="m1" time="0.000"/>
  <system-out/>
  <testcase classname="assignment1.A" name="m1" time="0.000"/>
  <system-out/>
  <testcase classname="assignment1.A" name="m1" time="0.000"/>
  <system-out/>
  <testcase classname="assignment1.A" name="m1" time="0.000"/>
  <system-out/>
  <testcase classname="assignment1.A" name="m1" time="0.000"/>
  <system-out/>
  <testcase classname="assignment1.A" name="m1" time="0.000"/>
  <system-out/>
  <testcase classname="assignment1.A" name="m1" time="0.001"/>
  <system-out/>
  <testcase classname="assignment1.A" name="m1" time="0.001"/>
  <system-out/>
  <testcase classname="assignment1.A" name="m1" time="0.000"/>
  <system-out/>
  <testcase classname="assignment1.A" name="m1" time="0.000"/>
  <system-out/>
  <testcase classname="assignment1.A" name="m1" time="0.000"/>
  <system-out/>
  <testcase classname="assignment1.A" name="m1" time="0.001"/>
  <system-out/>
  <testcase classname="assignment1.A" name="m1" time="0.000"/>
  <system-out/>
  <testcase classname="assignment1.A" name="m1" time="0.000"/>
  <system-out/>
  <testcase classname="assignment1.A" name="m1" time="0.000"/>
  <system-out/>
  <testcase classname="assignment1.A" name="m1" time="0.001"/>
  <system-out/>
  <testcase classname="assignment1.A" name="m1" time="0.001"/>
  <system-out/>
  <testcase classname="assignment1.A" name="m1" time="0.000"/>
  <system-out/>
  <testcase classname="assignment1.A" name="m1" time="0.001"/>
  <system-out/>
  <testcase classname="assignment1.A" name="m1" time="0.000"/>
  <system-out/>
  <testcase classname="assignment1.A" name="m1" time="0.000"/>
  <system-out/>
  <testcase classname="assignment1.A" name="m1" time="0.001"/>
  <system-out/>
  <testcase classname="assignment1.A" name="m1" time="0.000"/>
  <system-out/>
  <testcase classname="assignment1.A" name="m1" time="0.001"/>
  <system-out/>
  <testcase classname="assignment1.A" name="m1" time="0.000"/>
  <system-out/>
  <testcase classname="assignment1.A" name="m1" time="0.000"/>
  <system-out/>
  <testcase classname="assignment1.A" name="m1" time="0.000"/>
  <system-out/>
  <testcase classname="assignment1.A" name="m1" time="0.000"/>
  <system-out/>
  <testcase classname="assignment1.A" name="m1" time="0.000"/>
  <system-out/>
  <testcase classname="assignment1.A" name="m1" time="0.000"/>
  <system-out/>
  <testcase classname="assignment1.A" name="m1" time="0.000"/>
  <system-out/>
  <testcase classname="assignment1.A" name="m1" time="0.000"/>
  <system-out/>
  <testcase classname="assignment1.A" name="m1" time="0.000"/>
  <system-out/>
  <testcase classname="assignment1.A" name="m1" time="0.000"/>
  <system-out/>
  <testcase classname="assignment1.A" name="m1" time="0.000"/>
  <system-out/>
  <testcase classname="assignment1.A" name="m1" time="0.000"/>
  <system-out/>
  <testcase classname="assignment1.A" name="m1" time="0.002"/>
  <system-out/>
  <testcase classname="assignment1.A" name="m1" time="0.000"/>
  <system-out/>
  <testcase classname="assignment1.A" name="m1" time="0.000"/>
  <system-out/>
  <testcase classname="assignment1.A" name="m1" time="0.000"/>
  <system-out/>
  <testcase classname="assignment1.A" name="m1" time="0.000"/>
  <system-out/>
  <testcase classname="assignment1.A" name="m1" time="0.000"/>
  <system-out/>
  <testcase classname="assignment1.A" name="m1" time="0.001"/>
  <system-out/>
  <testcase classname="assignment1.A" name="m1" time="0.000"/>
  <system-out/>
  <testcase classname="assignment1.A" name="m1" time="0.001"/>
  <system-out/>
  <testcase classname="assignment1.A" name="m1" time="0.000"/>
  <system-out/>
  <testcase classname="assignment1.A" name="m1" time="0.001"/>
  <system-out/>
  <testcase classname="assignment1.A" name="m1" time="0.000"/>
  <system-out/>
  <testcase classname="assignment1.A" name="m1" time="0.001"/>
  <system-out/>
  <testcase classname="assignment1.A" name="m1" time="0.000"/>
  <system-out/>
  <testcase classname="assignment1.A" name="m1" time="0.000"/>
  <system-out/>
  <testcase classname="assignment1.A" name="m1" time="0.000"/>
  <system-out/>
  <testcase classname="assignment1.A" name="m1" time="0.000"/>
  <system-out/>
  <testcase classname="assignment1.A" name="m1" time="0.000"/>
  <system-out/>
  <testcase classname="assignment1.A" name="m1" time="0.000"/>
  <system-out/>
  <testcase classname="assignment1.A" name="m1" time="0.001"/>
  <system-out/>
  <testcase classname="assignment1.A" name="m1" time="0.000"/>
  <system-out/>
  <testcase classname="assignment1.A" name="m1" time="0.000"/>
  <system-out/>
  <testcase classname="assignment1.A" name="m1" time="0.000"/>
  <system-out/>
  <testcase classname="assignment1.A" name="m1" time="0.000"/>
  <system-out/>
  <testcase classname="assignment1.A" name="m1" time="0.000"/>
  <system-out/>
  <testcase classname="assignment1.A" name="m1" time="0.001"/>
  <system-out/>
  <testcase classname="assignment1.A" name="m1" time="0.000"/>
  <system-out/>
  <testcase classname="assignment1.A" name="m1" time="0.000"/>
  <system-out/>
  <testcase classname="assignment1.A" name="m1" time="0.001"/>
  <system-out/>
  <testcase classname="assignment1.A" name="m1" time="0.000"/>
  <system-out/>
  <testcase classname="assignment1.A" name="m1" time="0.000"/>
  <system-out/>
  <testcase classname="assignment1.A" name="m1" time="0.000"/>
  <system-out/>
  <testcase classname="assignment1.A" name="m1" time="0.000"/>
  <system-out/>
  <testcase classname="assignment1.A" name="m1" time="0.000"/>
  <system-out/>
  <testcase classname="assignment1.A" name="m1" time="0.000"/>
  <system-out/>
  <testcase classname="assignment1.A" name="m1" time="0.001"/>
  <system-out/>
  <testcase classname="assignment1.A" name="m1" time="0.000"/>
  <system-out/>
  <testcase classname="assignment1.A" name="m1" time="0.000"/>
  <system-out/>
  <testcase classname="assignment1.A" name="m1" time="0.001"/>
  <system-out/>
  <testcase classname="assignment1.A" name="m1" time="0.000"/>
  <system-out/>
  <testcase classname="assignment1.A" name="m1" time="0.000"/>
  <system-out/>
  <testcase classname="assignment1.A" name="m1" time="0.000"/>
  <system-out/>
  <testcase classname="assignment1.A" name="m1" time="0.001"/>
  <system-out/>
  <testcase classname="assignment1.A" name="m1" time="0.000"/>
  <system-out/>
  <testcase classname="assignment1.A" name="m1" time="0.000"/>
  <system-out/>
  <testcase classname="assignment1.A" name="m1" time="0.000"/>
  <system-out/>
  <testcase classname="assignment1.A" name="m1" time="0.000"/>
  <system-out/>
  <testcase classname="assignment1.A" name="m1" time="0.000"/>
  <system-out/>
  <testcase classname="assignment1.A" name="m1" time="0.000"/>
  <system-out/>
  <testcase classname="assignment1.A" name="m1" time="0.000"/>
  <system-out/>
  <testcase classname="assignment1.A" name="m1" time="0.000"/>
  <system-out/>
  <testcase classname="assignment1.A" name="m1" time="0.000"/>
  <system-out/>
  <testcase classname="assignment1.A" name="m1" time="0.000"/>
  <system-out/>
  <testcase classname="assignment1.A" name="m1" time="0.000"/>
  <system-out/>
  <testcase classname="assignment1.A" name="m1" time="0.000"/>
  <system-out/>
  <testcase classname="assignment1.A" name="m1" time="0.001"/>
  <system-out/>
  <testcase classname="assignment1.A" name="m1" time="0.000"/>
  <system-out/>
  <testcase classname="assignment1.A" name="m1" time="0.000"/>
  <system-out/>
  <testcase classname="assignment1.A" name="m1" time="0.000"/>
  <system-out/>
  <testcase classname="assignment1.A" name="m1" time="0.000"/>
  <system-out/>
  <testcase classname="assignment1.A" name="m1" time="0.001"/>
  <system-out/>
  <testcase classname="assignment1.A" name="m1" time="0.000"/>
  <system-out/>
  <testcase classname="assignment1.A" name="m1" time="0.001"/>
  <system-out/>
  <testcase classname="assignment1.A" name="m1" time="0.000"/>
  <system-out/>
  <testcase classname="assignment1.A" name="m1" time="0.000"/>
  <system-out/>
  <testcase classname="assignment1.A" name="m1" time="0.000"/>
  <system-out/>
  <testcase classname="assignment1.A" name="m1" time="0.000"/>
  <system-out/>
  <testcase classname="assignment1.A" name="m1" time="0.000"/>
  <system-out/>
  <testcase classname="assignment1.A" name="m1" time="0.000"/>
  <system-out/>
  <testcase classname="assignment1.A" name="m1" time="0.001"/>
  <system-out/>
  <testcase classname="assignment1.A" name="m1" time="0.000"/>
  <system-out/>
  <testcase classname="assignment1.A" name="m1" time="0.000"/>
  <system-out/>
  <testcase classname="assignment1.A" name="m1" time="0.000"/>
  <system-out/>
  <testcase classname="assignment1.A" name="m1" time="0.000"/>
  <system-out/>
  <testcase classname="assignment1.A" name="m1" time="0.000"/>
  <system-out/>
  <testcase classname="assignment1.A" name="m1" time="0.000"/>
  <system-out/>
  <testcase classname="assignment1.A" name="m1" time="0.001"/>
  <system-out/>
  <testcase classname="assignment1.A" name="m1" time="0.001"/>
  <system-out/>
  <testcase classname="assignment1.A" name="m1" time="0.000"/>
  <system-out/>
  <testcase classname="assignment1.A" name="m1" time="0.001"/>
  <system-out/>
  <testcase classname="assignment1.A" name="m1" time="0.000"/>
  <system-out/>
  <testcase classname="assignment1.A" name="m1" time="0.001"/>
  <system-out/>
  <testcase classname="assignment1.A" name="m1" time="0.000"/>
  <system-out/>
  <testcase classname="assignment1.A" name="m1" time="0.001"/>
  <system-out/>
  <testcase classname="assignment1.A" name="m1" time="0.000"/>
  <system-out/>
  <testcase classname="assignment1.A" name="m1" time="0.000"/>
  <system-out/>
  <testcase classname="assignment1.A" name="m1" time="0.000"/>
  <system-out/>
  <testcase classname="assignment1.A" name="m1" time="0.000"/>
  <system-out/>
  <testcase classname="assignment1.A" name="m1" time="0.001"/>
  <system-out/>
  <testcase classname="assignment1.A" name="m1" time="0.000"/>
  <system-out/>
  <testcase classname="assignment1.A" name="m1" time="0.000"/>
  <system-out/>
  <testcase classname="assignment1.A" name="m1" time="0.000"/>
  <system-out/>
  <testcase classname="assignment1.A" name="m1" time="0.000"/>
  <system-out/>
  <testcase classname="assignment1.A" name="m1" time="0.000"/>
  <system-out/>
  <testcase classname="assignment1.A" name="m1" time="0.001"/>
  <system-out/>
  <testcase classname="assignment1.A" name="m1" time="0.000"/>
  <system-out/>
  <testcase classname="assignment1.A" name="m1" time="0.000"/>
  <system-out/>
  <testcase classname="assignment1.A" name="m1" time="0.000"/>
  <system-out/>
  <testcase classname="assignment1.A" name="m1" time="0.000"/>
  <system-out/>
  <testcase classname="assignment1.A" name="m1" time="0.000"/>
  <system-out/>
  <testcase classname="assignment1.A" name="m1" time="0.000"/>
  <system-out/>
  <testcase classname="assignment1.A" name="m1" time="0.000"/>
  <system-out/>
  <testcase classname="assignment1.A" name="m1" time="0.001"/>
  <system-out/>
  <testcase classname="assignment1.A" name="m1" time="0.000"/>
  <system-out/>
  <testcase classname="assignment1.A" name="m1" time="0.000"/>
  <system-out/>
  <testcase classname="assignment1.A" name="m1" time="0.001"/>
  <system-out/>
  <testcase classname="assignment1.A" name="m1" time="0.000"/>
  <system-out/>
  <testcase classname="assignment1.A" name="m1" time="0.000"/>
  <system-out/>
  <testcase classname="assignment1.A" name="m1" time="0.000"/>
  <system-out/>
  <testcase classname="assignment1.A" name="m1" time="0.000"/>
  <system-out/>
  <testcase classname="assignment1.A" name="m1" time="0.001"/>
  <system-out/>
  <testcase classname="assignment1.A" name="m1" time="0.000"/>
  <system-out/>
  <testcase classname="assignment1.A" name="m1" time="0.000"/>
  <system-out/>
  <testcase classname="assignment1.A" name="m1" time="0.000"/>
  <system-out/>
  <testcase classname="assignment1.A" name="m1" time="0.001"/>
  <system-out/>
  <testcase classname="assignment1.A" name="m1" time="0.000"/>
  <system-out/>
  <testcase classname="assignment1.A" name="m1" time="0.000"/>
  <system-out/>
  <testcase classname="assignment1.A" name="m1" time="0.000"/>
  <system-out/>
  <testcase classname="assignment1.A" name="m1" time="0.000"/>
  <system-out/>
  <testcase classname="assignment1.A" name="m1" time="0.000"/>
  <system-out/>
  <testcase classname="assignment1.A" name="m1" time="0.000"/>
  <system-out/>
  <testcase classname="assignment1.A" name="m1" time="0.000"/>
  <system-out/>
  <testcase classname="assignment1.A" name="m1" time="0.000"/>
  <system-out/>
  <testcase classname="assignment1.A" name="m1" time="0.000"/>
  <system-out/>
  <testcase classname="assignment1.A" name="m1" time="0.000"/>
  <system-out/>
  <testcase classname="assignment1.A" name="m1" time="0.000"/>
  <system-out/>
  <testcase classname="assignment1.A" name="m1" time="0.000"/>
  <system-out/>
  <testcase classname="assignment1.A" name="m1" time="0.000"/>
  <system-out/>
  <testcase classname="assignment1.A" name="m1" time="0.000"/>
  <system-out/>
  <testcase classname="assignment1.A" name="m1" time="0.001"/>
  <system-out/>
  <testcase classname="assignment1.A" name="m1" time="0.000"/>
  <system-out/>
  <testcase classname="assignment1.A" name="m1" time="0.001"/>
  <system-out/>
  <testcase classname="assignment1.A" name="m1" time="0.000"/>
  <system-out/>
  <testcase classname="assignment1.A" name="m1" time="0.000"/>
  <system-out/>
  <testcase classname="assignment1.A" name="m1" time="0.000"/>
  <system-out/>
  <testcase classname="assignment1.A" name="m1" time="0.000"/>
  <system-out/>
  <testcase classname="assignment1.A" name="m1" time="0.000"/>
  <system-out/>
  <testcase classname="assignment1.A" name="m1" time="0.001"/>
  <system-out/>
  <testcase classname="assignment1.A" name="m1" time="0.000"/>
  <system-out/>
  <testcase classname="assignment1.A" name="m1" time="0.000"/>
  <system-out/>
  <testcase classname="assignment1.A" name="m1" time="0.000"/>
  <system-out/>
  <testcase classname="assignment1.A" name="m1" time="0.000"/>
  <system-out/>
  <testcase classname="assignment1.A" name="m1" time="0.000"/>
  <system-out/>
  <testcase classname="assignment1.A" name="m1" time="0.000"/>
  <system-out/>
  <testcase classname="assignment1.A" name="m1" time="0.000"/>
  <system-out/>
  <testcase classname="assignment1.A" name="m1" time="0.000"/>
  <system-out/>
  <testcase classname="assignment1.A" name="m1" time="0.000"/>
  <system-out/>
  <testcase classname="assignment1.A" name="m1" time="0.000"/>
  <system-out/>
  <testcase classname="assignment1.A" name="m1" time="0.000"/>
  <system-out/>
  <testcase classname="assignment1.A" name="m1" time="0.000"/>
  <system-out/>
  <testcase classname="assignment1.A" name="m1" time="0.000"/>
  <system-out/>
  <testcase classname="assignment1.A" name="m1" time="0.000"/>
  <system-out/>
  <testcase classname="assignment1.A" name="m1" time="0.000"/>
  <system-out/>
  <testcase classname="assignment1.A" name="m1" time="0.001"/>
  <system-out/>
  <testcase classname="assignment1.A" name="m1" time="0.000"/>
  <system-out/>
  <testcase classname="assignment1.A" name="m1" time="0.000"/>
  <system-out/>
  <testcase classname="assignment1.A" name="m1" time="0.000"/>
  <system-out/>
  <testcase classname="assignment1.A" name="m1" time="0.000"/>
  <system-out/>
  <testcase classname="assignment1.A" name="m1" time="0.000"/>
  <system-out/>
  <testcase classname="assignment1.A" name="m1" time="0.000"/>
  <system-out/>
  <testcase classname="assignment1.A" name="m1" time="0.000"/>
  <system-out/>
  <testcase classname="assignment1.A" name="m1" time="0.000"/>
  <system-out/>
  <testcase classname="assignment1.A" name="m1" time="0.000"/>
  <system-out/>
  <testcase classname="assignment1.A" name="m1" time="0.000"/>
  <system-out/>
  <testcase classname="assignment1.A" name="m1" time="0.000"/>
  <system-out/>
  <testcase classname="assignment1.A" name="m1" time="0.000"/>
  <system-out/>
  <testcase classname="assignment1.A" name="m1" time="0.000"/>
  <system-out/>
  <testcase classname="assignment1.A" name="m1" time="0.000"/>
  <system-out/>
  <testcase classname="assignment1.A" name="m1" time="0.000"/>
  <system-out/>
  <testcase classname="assignment1.A" name="m1" time="0.000"/>
  <system-out/>
  <testcase classname="assignment1.A" name="m1" time="0.001"/>
  <system-out/>
  <testcase classname="assignment1.A" name="m1" time="0.000"/>
  <system-out/>
  <testcase classname="assignment1.A" name="m1" time="0.000"/>
  <system-out/>
  <testcase classname="assignment1.A" name="m1" time="0.001"/>
  <system-out/>
  <testcase classname="assignment1.A" name="m1" time="0.001"/>
  <system-out/>
  <testcase classname="assignment1.A" name="m1" time="0.000"/>
  <system-out/>
  <testcase classname="assignment1.A" name="m1" time="0.000"/>
  <system-out/>
  <testcase classname="assignment1.A" name="m1" time="0.000"/>
  <system-out/>
  <testcase classname="assignment1.A" name="m1" time="0.000"/>
  <system-out/>
  <testcase classname="assignment1.A" name="m1" time="0.000"/>
  <system-out/>
  <testcase classname="assignment1.A" name="m1" time="0.000"/>
  <system-out/>
  <testcase classname="assignment1.A" name="m1" time="0.000"/>
  <system-out/>
  <testcase classname="assignment1.A" name="m1" time="0.000"/>
  <system-out/>
  <testcase classname="assignment1.A" name="m1" time="0.001"/>
  <system-out/>
  <testcase classname="assignment1.A" name="m1" time="0.000"/>
  <system-out/>
  <testcase classname="assignment1.A" name="m1" time="0.001"/>
  <system-out/>
  <testcase classname="assignment1.A" name="m1" time="0.000"/>
  <system-out/>
  <testcase classname="assignment1.A" name="m1" time="0.000"/>
  <system-out/>
  <testcase classname="assignment1.A" name="m1" time="0.000"/>
  <system-out/>
  <testcase classname="assignment1.A" name="m1" time="0.000"/>
  <system-out/>
  <testcase classname="assignment1.A" name="m1" time="0.002"/>
  <system-out/>
  <testcase classname="assignment1.A" name="m1" time="0.000"/>
  <system-out/>
  <testcase classname="assignment1.A" name="m1" time="0.000"/>
  <system-out/>
  <testcase classname="assignment1.A" name="m1" time="0.000"/>
  <system-out/>
  <testcase classname="assignment1.A" name="m1" time="0.000"/>
  <system-out/>
  <testcase classname="assignment1.A" name="m1" time="0.001"/>
  <system-out/>
  <testcase classname="assignment1.A" name="m1" time="0.000"/>
  <system-out/>
  <testcase classname="assignment1.A" name="m1" time="0.000"/>
  <system-out/>
  <testcase classname="assignment1.A" name="m1" time="0.001"/>
  <system-out/>
  <testcase classname="assignment1.A" name="m1" time="0.000"/>
  <system-out/>
  <testcase classname="assignment1.A" name="m1" time="0.000"/>
  <system-out/>
  <testcase classname="assignment1.A" name="m1" time="0.001"/>
  <system-out/>
  <testcase classname="assignment1.A" name="m1" time="0.001"/>
  <system-out/>
  <testcase classname="assignment1.A" name="m1" time="0.000"/>
  <system-out/>
  <testcase classname="assignment1.A" name="m1" time="0.000"/>
  <system-out/>
  <testcase classname="assignment1.A" name="m1" time="0.000"/>
  <system-out/>
  <testcase classname="assignment1.A" name="m1" time="0.000"/>
  <system-out/>
  <testcase classname="assignment1.A" name="m1" time="0.000"/>
  <system-out/>
  <testcase classname="assignment1.A" name="m1" time="0.000"/>
  <system-out/>
  <testcase classname="assignment1.A" name="m1" time="0.000"/>
  <system-out/>
  <testcase classname="assignment1.A" name="m1" time="0.000"/>
  <system-out/>
  <testcase classname="assignment1.A" name="m1" time="0.000"/>
  <system-out/>
  <testcase classname="assignment1.A" name="m1" time="0.001"/>
  <system-out/>
  <testcase classname="assignment1.A" name="m1" time="0.001"/>
  <system-out/>
  <testcase classname="assignment1.A" name="m1" time="0.000"/>
  <system-out/>
  <testcase classname="assignment1.A" name="m1" time="0.000"/>
  <system-out/>
  <testcase classname="assignment1.A" name="m1" time="0.000"/>
  <system-out/>
  <testcase classname="assignment1.A" name="m1" time="0.000"/>
  <system-out/>
  <testcase classname="assignment1.A" name="m1" time="0.000"/>
  <system-out/>
  <testcase classname="assignment1.A" name="m1" time="0.000"/>
  <system-out/>
  <testcase classname="assignment1.A" name="m1" time="0.000"/>
  <system-out/>
  <testcase classname="assignment1.A" name="m1" time="0.000"/>
  <system-out/>
  <testcase classname="assignment1.A" name="m1" time="0.000"/>
  <system-out/>
  <testcase classname="assignment1.A" name="m1" time="0.000"/>
  <system-out/>
  <testcase classname="assignment1.A" name="m1" time="0.001"/>
  <system-out/>
  <testcase classname="assignment1.A" name="m1" time="0.000"/>
  <system-out/>
  <testcase classname="assignment1.A" name="m1" time="0.000"/>
  <system-out/>
  <testcase classname="assignment1.A" name="m1" time="0.000"/>
  <system-out/>
  <testcase classname="assignment1.A" name="m1" time="0.000"/>
  <system-out/>
  <testcase classname="assignment1.A" name="m1" time="0.000"/>
  <system-out/>
  <testcase classname="assignment1.A" name="m1" time="0.000"/>
  <system-out/>
  <testcase classname="assignment1.A" name="m1" time="0.001"/>
  <system-out/>
  <testcase classname="assignment1.A" name="m1" time="0.000"/>
  <system-out/>
  <testcase classname="assignment1.A" name="m1" time="0.000"/>
  <system-out/>
  <testcase classname="assignment1.A" name="m1" time="0.000"/>
  <system-out/>
  <testcase classname="assignment1.A" name="m1" time="0.000"/>
  <system-out/>
  <testcase classname="assignment1.A" name="m1" time="0.001"/>
  <system-out/>
  <testcase classname="assignment1.A" name="m1" time="0.000"/>
  <system-out/>
  <testcase classname="assignment1.A" name="m1" time="0.000"/>
  <system-out/>
  <testcase classname="assignment1.A" name="m1" time="0.001"/>
  <system-out/>
  <testcase classname="assignment1.A" name="m1" time="0.000"/>
  <system-out/>
  <testcase classname="assignment1.A" name="m1" time="0.000"/>
  <system-out/>
  <testcase classname="assignment1.A" name="m1" time="0.000"/>
  <system-out/>
  <testcase classname="assignment1.A" name="m1" time="0.000"/>
  <system-out/>
  <testcase classname="assignment1.A" name="m1" time="0.000"/>
  <system-out/>
  <testcase classname="assignment1.A" name="m1" time="0.000"/>
  <system-out/>
  <testcase classname="assignment1.A" name="m1" time="0.000"/>
  <system-out/>
  <testcase classname="assignment1.A" name="m1" time="0.000"/>
  <system-out/>
  <testcase classname="assignment1.A" name="m1" time="0.000"/>
  <system-out/>
  <testcase classname="assignment1.A" name="m1" time="0.001"/>
  <system-out/>
  <testcase classname="assignment1.A" name="m1" time="0.000"/>
  <system-out/>
  <testcase classname="assignment1.A" name="m1" time="0.001"/>
  <system-out/>
  <testcase classname="assignment1.A" name="m1" time="0.000"/>
  <system-out/>
  <testcase classname="assignment1.A" name="m1" time="0.000"/>
  <system-out/>
  <testcase classname="assignment1.A" name="m1" time="0.001"/>
  <system-out/>
  <testcase classname="assignment1.A" name="m1" time="0.000"/>
  <system-out/>
  <testcase classname="assignment1.A" name="m1" time="0.000"/>
  <system-out/>
  <testcase classname="assignment1.A" name="m1" time="0.000"/>
  <system-out/>
  <testcase classname="assignment1.A" name="m1" time="0.000"/>
  <system-out/>
  <testcase classname="assignment1.A" name="m1" time="0.000"/>
  <system-out/>
  <testcase classname="assignment1.A" name="m1" time="0.000"/>
  <system-out/>
  <testcase classname="assignment1.A" name="m1" time="0.000"/>
  <system-out/>
  <testcase classname="assignment1.A" name="m1" time="0.000"/>
  <system-out/>
  <testcase classname="assignment1.A" name="m1" time="0.001"/>
  <system-out/>
  <testcase classname="assignment1.A" name="m1" time="0.000"/>
  <system-out/>
  <testcase classname="assignment1.A" name="m1" time="0.000"/>
  <system-out/>
  <testcase classname="assignment1.A" name="m1" time="0.000"/>
  <system-out/>
  <testcase classname="assignment1.A" name="m1" time="0.000"/>
  <system-out/>
  <testcase classname="assignment1.A" name="m1" time="0.000"/>
  <system-out/>
  <testcase classname="assignment1.A" name="m1" time="0.000"/>
  <system-out/>
  <testcase classname="assignment1.A" name="m1" time="0.000"/>
  <system-out/>
  <testcase classname="assignment1.A" name="m1" time="0.000"/>
  <system-out/>
  <testcase classname="assignment1.A" name="m1" time="0.000"/>
  <system-out/>
  <testcase classname="assignment1.A" name="m1" time="0.001"/>
  <system-out/>
  <testcase classname="assignment1.A" name="m1" time="0.000"/>
  <system-out/>
  <testcase classname="assignment1.A" name="m1" time="0.000"/>
  <system-out/>
  <testcase classname="assignment1.A" name="m1" time="0.000"/>
  <system-out/>
  <testcase classname="assignment1.A" name="m1" time="0.000"/>
  <system-out/>
  <testcase classname="assignment1.A" name="m1" time="0.001"/>
  <system-out/>
  <testcase classname="assignment1.A" name="m1" time="0.000"/>
  <system-out/>
  <testcase classname="assignment1.A" name="m1" time="0.000"/>
  <system-out/>
  <testcase classname="assignment1.A" name="m1" time="0.000"/>
  <system-out/>
  <testcase classname="assignment1.A" name="m1" time="0.000"/>
  <system-out/>
  <testcase classname="assignment1.A" name="m1" time="0.000"/>
  <system-out/>
  <testcase classname="assignment1.A" name="m1" time="0.000"/>
  <system-out/>
  <testcase classname="assignment1.A" name="m1" time="0.000"/>
  <system-out/>
  <testcase classname="assignment1.A" name="m1" time="0.000"/>
  <system-out/>
  <testcase classname="assignment1.A" name="m1" time="0.000"/>
  <system-out/>
  <testcase classname="assignment1.A" name="m1" time="0.001"/>
  <system-out/>
  <testcase classname="assignment1.A" name="m1" time="0.001"/>
  <system-out/>
  <testcase classname="assignment1.A" name="m1" time="0.000"/>
  <system-out/>
  <testcase classname="assignment1.A" name="m1" time="0.001"/>
  <system-out/>
  <testcase classname="assignment1.A" name="m1" time="0.000"/>
  <system-out/>
  <testcase classname="assignment1.A" name="m1" time="0.000"/>
  <system-out/>
  <testcase classname="assignment1.A" name="m1" time="0.000"/>
  <system-out/>
  <testcase classname="assignment1.A" name="m1" time="0.000"/>
  <system-out/>
  <testcase classname="assignment1.A" name="m1" time="0.000"/>
  <system-out/>
  <testcase classname="assignment1.A" name="m1" time="0.000"/>
  <system-out/>
  <testcase classname="assignment1.A" name="m1" time="0.000"/>
  <system-out/>
  <testcase classname="assignment1.A" name="m1" time="0.000"/>
  <system-out/>
  <testcase classname="assignment1.A" name="m1" time="0.000"/>
  <system-out/>
  <testcase classname="assignment1.A" name="m1" time="0.000"/>
  <system-out/>
  <testcase classname="assignment1.A" name="m1" time="0.000"/>
  <system-out/>
  <testcase classname="assignment1.A" name="m1" time="0.000"/>
  <system-out/>
  <testcase classname="assignment1.A" name="m1" time="0.000"/>
  <system-out/>
  <testcase classname="assignment1.A" name="m1" time="0.001"/>
  <system-out/>
  <testcase classname="assignment1.A" name="m1" time="0.000"/>
  <system-out/>
  <testcase classname="assignment1.A" name="m1" time="0.001"/>
  <system-out/>
  <testcase classname="assignment1.A" name="m1" time="0.000"/>
  <system-out/>
  <testcase classname="assignment1.A" name="m1" time="0.000"/>
  <system-out/>
  <testcase classname="assignment1.A" name="m1" time="0.000"/>
  <system-out/>
  <testcase classname="assignment1.A" name="m1" time="0.000"/>
  <system-out/>
  <testcase classname="assignment1.A" name="m1" time="0.000"/>
  <system-out/>
  <testcase classname="assignment1.A" name="m1" time="0.000"/>
  <system-out/>
  <testcase classname="assignment1.A" name="m1" time="0.000"/>
  <system-out/>
  <testcase classname="assignment1.A" name="m1" time="0.000"/>
  <system-out/>
  <testcase classname="assignment1.A" name="m1" time="0.001"/>
  <system-out/>
  <testcase classname="assignment1.A" name="m1" time="0.000"/>
  <system-out/>
  <testcase classname="assignment1.A" name="m1" time="0.000"/>
  <system-out/>
  <testcase classname="assignment1.A" name="m1" time="0.000"/>
  <system-out/>
  <testcase classname="assignment1.A" name="m1" time="0.000"/>
  <system-out/>
  <testcase classname="assignment1.A" name="m1" time="0.001"/>
  <system-out/>
  <testcase classname="assignment1.A" name="m1" time="0.000"/>
  <system-out/>
  <testcase classname="assignment1.A" name="m1" time="0.000"/>
  <system-out/>
  <testcase classname="assignment1.A" name="m1" time="0.000"/>
  <system-out/>
  <testcase classname="assignment1.A" name="m1" time="0.000"/>
  <system-out/>
  <testcase classname="assignment1.A" name="m1" time="0.001"/>
  <system-out/>
  <testcase classname="assignment1.A" name="m1" time="0.000"/>
  <system-out/>
  <testcase classname="assignment1.A" name="m1" time="0.000"/>
  <system-out/>
  <testcase classname="assignment1.A" name="m1" time="0.000"/>
  <system-out/>
  <testcase classname="assignment1.A" name="m1" time="0.000"/>
  <system-out/>
  <testcase classname="assignment1.A" name="m1" time="0.000"/>
  <system-out/>
  <testcase classname="assignment1.A" name="m1" time="0.000"/>
  <system-out/>
  <testcase classname="assignment1.A" name="m1" time="0.000"/>
  <system-out/>
  <testcase classname="assignment1.A" name="m1" time="0.000"/>
  <system-out/>
  <testcase classname="assignment1.A" name="m1" time="0.000"/>
  <system-out/>
  <testcase classname="assignment1.A" name="m1" time="0.001"/>
  <system-out/>
  <testcase classname="assignment1.A" name="m1" time="0.001"/>
  <system-out/>
  <testcase classname="assignment1.A" name="m1" time="0.000"/>
  <system-out/>
  <testcase classname="assignment1.A" name="m1" time="0.000"/>
  <system-out/>
  <testcase classname="assignment1.A" name="m1" time="0.000"/>
  <system-out/>
  <testcase classname="assignment1.A" name="m1" time="0.000"/>
  <system-out/>
  <testcase classname="assignment1.A" name="m1" time="0.001"/>
  <system-out/>
  <testcase classname="assignment1.A" name="m1" time="0.000"/>
  <system-out/>
  <testcase classname="assignment1.A" name="m1" time="0.000"/>
  <system-out/>
  <testcase classname="assignment1.A" name="m1" time="0.001"/>
  <system-out/>
  <testcase classname="assignment1.A" name="m1" time="0.000"/>
  <system-out/>
  <testcase classname="assignment1.A" name="m1" time="0.001"/>
  <system-out/>
  <testcase classname="assignment1.A" name="m1" time="0.000"/>
  <system-out/>
  <testcase classname="assignment1.A" name="m1" time="0.000"/>
  <system-out/>
  <testcase classname="assignment1.A" name="m1" time="0.000"/>
  <system-out/>
  <testcase classname="assignment1.A" name="m1" time="0.000"/>
  <system-out/>
  <testcase classname="assignment1.A" name="m1" time="0.000"/>
  <system-out/>
  <testcase classname="assignment1.A" name="m1" time="0.000"/>
  <system-out/>
  <testcase classname="assignment1.A" name="m1" time="0.000"/>
  <system-out/>
  <testcase classname="assignment1.A" name="m1" time="0.000"/>
  <system-out/>
  <testcase classname="assignment1.A" name="m1" time="0.001"/>
  <system-out/>
  <testcase classname="assignment1.A" name="m1" time="0.001"/>
  <system-out/>
  <testcase classname="assignment1.A" name="m1" time="0.001"/>
  <system-out/>
  <testcase classname="assignment1.A" name="m1" time="0.000"/>
  <system-out/>
  <testcase classname="assignment1.A" name="m1" time="0.000"/>
  <system-out/>
  <testcase classname="assignment1.A" name="m1" time="0.000"/>
  <system-out/>
  <testcase classname="assignment1.A" name="m1" time="0.000"/>
  <system-out/>
  <testcase classname="assignment1.A" name="m1" time="0.000"/>
  <system-out/>
  <testcase classname="assignment1.A" name="m1" time="0.000"/>
  <system-out/>
  <testcase classname="assignment1.A" name="m1" time="0.000"/>
  <system-out/>
  <testcase classname="assignment1.A" name="m1" time="0.000"/>
  <system-out/>
  <testcase classname="assignment1.A" name="m1" time="0.000"/>
  <system-out/>
  <testcase classname="assignment1.A" name="m1" time="0.000"/>
  <system-out/>
  <testcase classname="assignment1.A" name="m1" time="0.001"/>
  <system-out/>
  <testcase classname="assignment1.A" name="m1" time="0.000"/>
  <system-out/>
  <testcase classname="assignment1.A" name="m1" time="0.001"/>
  <system-out/>
  <testcase classname="assignment1.A" name="m1" time="0.000"/>
  <system-out/>
  <testcase classname="assignment1.A" name="m1" time="0.000"/>
  <system-out/>
  <testcase classname="assignment1.A" name="m1" time="0.001"/>
  <system-out/>
  <testcase classname="assignment1.A" name="m1" time="0.001"/>
  <system-out/>
  <testcase classname="assignment1.A" name="m1" time="0.000"/>
  <system-out/>
  <testcase classname="assignment1.A" name="m1" time="0.000"/>
  <system-out/>
  <testcase classname="assignment1.A" name="m1" time="0.000"/>
  <system-out/>
  <testcase classname="assignment1.A" name="m1" time="0.000"/>
  <system-out/>
  <testcase classname="assignment1.A" name="m1" time="0.000"/>
  <system-out/>
  <testcase classname="assignment1.A" name="m1" time="0.000"/>
  <system-out/>
  <testcase classname="assignment1.A" name="m1" time="0.000"/>
  <system-out/>
  <testcase classname="assignment1.A" name="m1" time="0.000"/>
  <system-out/>
  <testcase classname="assignment1.A" name="m1" time="0.001"/>
  <system-out/>
  <testcase classname="assignment1.A" name="m1" time="0.000"/>
  <system-out/>
  <testcase classname="assignment1.A" name="m1" time="0.001"/>
  <system-out/>
  <testcase classname="assignment1.A" name="m1" time="0.000"/>
  <system-out/>
  <testcase classname="assignment1.A" name="m1" time="0.000"/>
  <system-out/>
  <testcase classname="assignment1.A" name="m1" time="0.000"/>
  <system-out/>
  <testcase classname="assignment1.A" name="m1" time="0.000"/>
  <system-out/>
  <testcase classname="assignment1.A" name="m1" time="0.001"/>
  <system-out/>
  <testcase classname="assignment1.A" name="m1" time="0.000"/>
  <system-out/>
  <testcase classname="assignment1.A" name="m1" time="0.001"/>
  <system-out/>
  <testcase classname="assignment1.A" name="m1" time="0.000"/>
  <system-out/>
  <testcase classname="assignment1.A" name="m1" time="0.000"/>
  <system-out/>
  <testcase classname="assignment1.A" name="m1" time="0.000"/>
  <system-out/>
  <testcase classname="assignment1.A" name="m1" time="0.000"/>
  <system-out/>
  <testcase classname="assignment1.A" name="m1" time="0.000"/>
  <system-out/>
  <testcase classname="assignment1.A" name="m1" time="0.001"/>
  <system-out/>
  <testcase classname="assignment1.A" name="m1" time="0.000"/>
  <system-out/>
  <testcase classname="assignment1.A" name="m1" time="0.001"/>
  <system-out/>
  <testcase classname="assignment1.A" name="m1" time="0.000"/>
  <system-out/>
  <testcase classname="assignment1.A" name="m1" time="0.000"/>
  <system-out/>
  <testcase classname="assignment1.A" name="m1" time="0.000"/>
  <system-out/>
  <testcase classname="assignment1.A" name="m1" time="0.000"/>
  <system-out/>
  <testcase classname="assignment1.A" name="m1" time="0.000"/>
  <system-out/>
  <testcase classname="assignment1.A" name="m1" time="0.000"/>
  <system-out/>
  <testcase classname="assignment1.A" name="m1" time="0.000"/>
  <system-out/>
  <testcase classname="assignment1.A" name="m1" time="0.000"/>
  <system-out/>
  <testcase classname="assignment1.A" name="m1" time="0.000"/>
  <system-out/>
  <testcase classname="assignment1.A" name="m1" time="0.001"/>
  <system-out/>
  <testcase classname="assignment1.A" name="m1" time="0.001"/>
  <system-out/>
  <testcase classname="assignment1.A" name="m1" time="0.000"/>
  <system-out/>
  <testcase classname="assignment1.A" name="m1" time="0.000"/>
  <system-out/>
  <testcase classname="assignment1.A" name="m1" time="0.001"/>
  <system-out/>
  <testcase classname="assignment1.A" name="m1" time="0.001"/>
  <system-out/>
  <testcase classname="assignment1.A" name="m1" time="0.000"/>
  <system-out/>
  <testcase classname="assignment1.A" name="m1" time="0.000"/>
  <system-out/>
  <testcase classname="assignment1.A" name="m1" time="0.000"/>
  <system-out/>
  <testcase classname="assignment1.A" name="m1" time="0.000"/>
  <system-out/>
  <testcase classname="assignment1.A" name="m1" time="0.000"/>
  <system-out/>
  <testcase classname="assignment1.A" name="m1" time="0.000"/>
  <system-out/>
  <testcase classname="assignment1.A" name="m1" time="0.001"/>
  <system-out/>
  <testcase classname="assignment1.A" name="m1" time="0.000"/>
  <system-out/>
  <testcase classname="assignment1.A" name="m1" time="0.000"/>
  <system-out/>
  <testcase classname="assignment1.A" name="m1" time="0.000"/>
  <system-out/>
  <testcase classname="assignment1.A" name="m1" time="0.001"/>
  <system-out/>
  <testcase classname="assignment1.A" name="m1" time="0.000"/>
  <system-out/>
  <testcase classname="assignment1.A" name="m1" time="0.000"/>
  <system-out/>
  <testcase classname="assignment1.A" name="m1" time="0.000"/>
  <system-out/>
  <testcase classname="assignment1.A" name="m1" time="0.000"/>
  <system-out/>
  <testcase classname="assignment1.A" name="m1" time="0.000"/>
  <system-out/>
  <testcase classname="assignment1.A" name="m1" time="0.000"/>
  <system-out/>
  <testcase classname="assignment1.A" name="m1" time="0.000"/>
  <system-out/>
  <testcase classname="assignment1.A" name="m1" time="0.001"/>
  <system-out/>
  <testcase classname="assignment1.A" name="m1" time="0.000"/>
  <system-out/>
  <testcase classname="assignment1.A" name="m1" time="0.000"/>
  <system-out/>
  <testcase classname="assignment1.A" name="m1" time="0.000"/>
  <system-out/>
  <testcase classname="assignment1.A" name="m1" time="0.000"/>
  <system-out/>
  <testcase classname="assignment1.A" name="m1" time="0.000"/>
  <system-out/>
  <testcase classname="assignment1.A" name="m1" time="0.000"/>
  <system-out/>
  <testcase classname="assignment1.A" name="m1" time="0.000"/>
  <system-out/>
  <testcase classname="assignment1.A" name="m1" time="0.000"/>
  <system-out/>
  <testcase classname="assignment1.A" name="m1" time="0.000"/>
  <system-out/>
  <testcase classname="assignment1.A" name="m1" time="0.000"/>
  <system-out/>
  <testcase classname="assignment1.A" name="m1" time="0.000"/>
  <system-out/>
  <testcase classname="assignment1.A" name="m1" time="0.000"/>
  <system-out/>
  <testcase classname="assignment1.A" name="m1" time="0.000"/>
  <system-out/>
  <testcase classname="assignment1.A" name="m1" time="0.000"/>
  <system-out/>
  <testcase classname="assignment1.A" name="m1" time="0.000"/>
  <system-out/>
  <testcase classname="assignment1.A" name="m1" time="0.001"/>
  <system-out/>
  <testcase classname="assignment1.A" name="m1" time="0.000"/>
  <system-out/>
  <testcase classname="assignment1.A" name="m1" time="0.000"/>
  <system-out/>
  <testcase classname="assignment1.A" name="m1" time="0.000"/>
  <system-out/>
  <testcase classname="assignment1.A" name="m1" time="0.001"/>
  <system-out/>
  <testcase classname="assignment1.A" name="m1" time="0.000"/>
  <system-out/>
  <testcase classname="assignment1.A" name="m1" time="0.000"/>
  <system-out/>
  <testcase classname="assignment1.A" name="m1" time="0.000"/>
  <system-out/>
  <testcase classname="assignment1.A" name="m1" time="0.000"/>
  <system-out/>
  <testcase classname="assignment1.A" name="m1" time="0.000"/>
  <system-out/>
  <testcase classname="assignment1.A" name="m1" time="0.001"/>
  <system-out/>
  <testcase classname="assignment1.A" name="m1" time="0.000"/>
  <system-out/>
  <testcase classname="assignment1.A" name="m1" time="0.000"/>
  <system-out/>
  <testcase classname="assignment1.A" name="m1" time="0.001"/>
  <system-out/>
  <testcase classname="assignment1.A" name="m1" time="0.001"/>
  <system-out/>
  <testcase classname="assignment1.A" name="m1" time="0.000"/>
  <system-out/>
  <testcase classname="assignment1.A" name="m1" time="0.001"/>
  <system-out/>
  <testcase classname="assignment1.A" name="m1" time="0.000"/>
  <system-out/>
  <testcase classname="assignment1.A" name="m1" time="0.000"/>
  <system-out/>
  <testcase classname="assignment1.A" name="m1" time="0.000"/>
  <system-out/>
  <testcase classname="assignment1.A" name="m1" time="0.000"/>
  <system-out/>
  <testcase classname="assignment1.A" name="m1" time="0.000"/>
  <system-out/>
  <testcase classname="assignment1.A" name="m1" time="0.000"/>
  <system-out/>
  <testcase classname="assignment1.A" name="m1" time="0.000"/>
  <system-out/>
  <testcase classname="assignment1.A" name="m1" time="0.000"/>
  <system-out/>
  <testcase classname="assignment1.A" name="m1" time="0.000"/>
  <system-out/>
  <testcase classname="assignment1.A" name="m1" time="0.000"/>
  <system-out/>
  <testcase classname="assignment1.A" name="m1" time="0.001"/>
  <system-out/>
  <testcase classname="assignment1.A" name="m1" time="0.000"/>
  <system-out/>
  <testcase classname="assignment1.A" name="m1" time="0.000"/>
  <system-out/>
  <testcase classname="assignment1.A" name="m1" time="0.000"/>
  <system-out/>
  <testcase classname="assignment1.A" name="m1" time="0.000"/>
  <system-out/>
  <testcase classname="assignment1.A" name="m1" time="0.000"/>
  <system-out/>
  <testcase classname="assignment1.A" name="m1" time="0.000"/>
  <system-out/>
  <testcase classname="assignment1.A" name="m1" time="0.000"/>
  <system-out/>
  <testcase classname="assignment1.A" name="m1" time="0.000"/>
  <system-out/>
  <testcase classname="assignment1.A" name="m1" time="0.000"/>
  <system-out/>
  <testcase classname="assignment1.A" name="m1" time="0.001"/>
  <system-out/>
  <testcase classname="assignment1.A" name="m1" time="0.001"/>
  <system-out/>
  <testcase classname="assignment1.A" name="m1" time="0.000"/>
  <system-out/>
  <testcase classname="assignment1.A" name="m1" time="0.000"/>
  <system-out/>
  <testcase classname="assignment1.A" name="m1" time="0.000"/>
  <system-out/>
  <testcase classname="assignment1.A" name="m1" time="0.000"/>
  <system-out/>
  <testcase classname="assignment1.A" name="m1" time="0.000"/>
  <system-out/>
  <testcase classname="assignment1.A" name="m1" time="0.000"/>
  <system-out/>
  <testcase classname="assignment1.A" name="m1" time="0.000"/>
  <system-out/>
  <testcase classname="assignment1.A" name="m1" time="0.000"/>
  <system-out/>
  <testcase classname="assignment1.A" name="m1" time="0.000"/>
  <system-out/>
  <testcase classname="assignment1.A" name="m1" time="0.000"/>
  <system-out/>
  <testcase classname="assignment1.A" name="m1" time="0.000"/>
  <system-out/>
  <testcase classname="assignment1.A" name="m1" time="0.000"/>
  <system-out/>
  <testcase classname="assignment1.A" name="m1" time="0.001"/>
  <system-out/>
  <testcase classname="assignment1.A" name="m1" time="0.000"/>
  <system-out/>
  <testcase classname="assignment1.A" name="m1" time="0.000"/>
  <system-out/>
  <testcase classname="assignment1.A" name="m1" time="0.000"/>
  <system-out/>
  <testcase classname="assignment1.A" name="m1" time="0.000"/>
  <system-out/>
  <testcase classname="assignment1.A" name="m1" time="0.000"/>
  <system-out/>
  <testcase classname="assignment1.A" name="m1" time="0.000"/>
  <system-out/>
  <testcase classname="assignment1.A" name="m1" time="0.000"/>
  <system-out/>
  <testcase classname="assignment1.A" name="m1" time="0.000"/>
  <system-out/>
  <testcase classname="assignment1.A" name="m1" time="0.000"/>
  <system-out/>
  <testcase classname="assignment1.A" name="m1" time="0.000"/>
  <system-out/>
  <testcase classname="assignment1.A" name="m1" time="0.000"/>
  <system-out/>
  <testcase classname="assignment1.A" name="m1" time="0.000"/>
  <system-out/>
  <testcase classname="assignment1.A" name="m1" time="0.000"/>
  <system-out/>
  <testcase classname="assignment1.A" name="m1" time="0.001"/>
  <system-out/>
  <testcase classname="assignment1.A" name="m1" time="0.000"/>
  <system-out/>
  <testcase classname="assignment1.A" name="m1" time="0.000"/>
  <system-out/>
  <testcase classname="assignment1.A" name="m1" time="0.000"/>
  <system-out/>
  <testcase classname="assignment1.A" name="m1" time="0.000"/>
  <system-out/>
  <testcase classname="assignment1.A" name="m1" time="0.000"/>
  <system-out/>
  <testcase classname="assignment1.A" name="m1" time="0.000"/>
  <system-out/>
  <testcase classname="assignment1.A" name="m1" time="0.001"/>
  <system-out/>
  <testcase classname="assignment1.A" name="m1" time="0.001"/>
  <system-out/>
  <testcase classname="assignment1.A" name="m1" time="0.000"/>
  <system-out/>
  <testcase classname="assignment1.A" name="m1" time="0.000"/>
  <system-out/>
  <testcase classname="assignment1.A" name="m1" time="0.000"/>
  <system-out/>
  <testcase classname="assignment1.A" name="m1" time="0.000"/>
  <system-out/>
  <testcase classname="assignment1.A" name="m1" time="0.001"/>
  <system-out/>
  <testcase classname="assignment1.A" name="m1" time="0.001"/>
  <system-out/>
  <testcase classname="assignment1.A" name="m1" time="0.000"/>
  <system-out/>
  <testcase classname="assignment1.A" name="m1" time="0.000"/>
  <system-out/>
  <testcase classname="assignment1.A" name="m1" time="0.000"/>
  <system-out/>
  <testcase classname="assignment1.A" name="m1" time="0.000"/>
  <system-out/>
  <testcase classname="assignment1.A" name="m1" time="0.000"/>
  <system-out/>
  <testcase classname="assignment1.A" name="m1" time="0.000"/>
  <system-out/>
  <testcase classname="assignment1.A" name="m1" time="0.000"/>
  <system-out/>
  <testcase classname="assignment1.A" name="m1" time="0.000"/>
  <system-out/>
  <testcase classname="assignment1.A" name="m1" time="0.000"/>
  <system-out/>
  <testcase classname="assignment1.A" name="m1" time="0.001"/>
  <system-out/>
  <testcase classname="assignment1.A" name="m1" time="0.000"/>
  <system-out/>
  <testcase classname="assignment1.A" name="m1" time="0.000"/>
  <system-out/>
  <testcase classname="assignment1.A" name="m1" time="0.000"/>
  <system-out/>
  <testcase classname="assignment1.A" name="m1" time="0.000"/>
  <system-out/>
  <testcase classname="assignment1.A" name="m1" time="0.000"/>
  <system-out/>
  <testcase classname="assignment1.A" name="m1" time="0.000"/>
  <system-out/>
  <testcase classname="assignment1.A" name="m1" time="0.002"/>
  <system-out/>
  <testcase classname="assignment1.A" name="m1" time="0.001"/>
  <system-out/>
  <testcase classname="assignment1.A" name="m1" time="0.000"/>
  <system-out/>
  <testcase classname="assignment1.A" name="m1" time="0.000"/>
  <system-out/>
  <testcase classname="assignment1.A" name="m1" time="0.000"/>
  <system-out/>
  <testcase classname="assignment1.A" name="m1" time="0.000"/>
  <system-out/>
  <testcase classname="assignment1.A" name="m1" time="0.000"/>
  <system-out/>
  <testcase classname="assignment1.A" name="m1" time="0.000"/>
  <system-out/>
  <testcase classname="assignment1.A" name="m1" time="0.000"/>
  <system-out/>
  <testcase classname="assignment1.A" name="m1" time="0.000"/>
  <system-out/>
  <testcase classname="assignment1.A" name="m1" time="0.000"/>
  <system-out/>
  <testcase classname="assignment1.A" name="m1" time="0.000"/>
  <system-out/>
  <testcase classname="assignment1.A" name="m1" time="0.000"/>
  <system-out/>
  <testcase classname="assignment1.A" name="m1" time="0.000"/>
  <system-out/>
  <testcase classname="assignment1.A" name="m1" time="0.000"/>
  <system-out/>
  <testcase classname="assignment1.A" name="m1" time="0.000"/>
  <system-out/>
  <testcase classname="assignment1.A" name="m1" time="0.001"/>
  <system-out/>
  <testcase classname="assignment1.A" name="m1" time="0.001"/>
  <system-out/>
  <testcase classname="assignment1.A" name="m1" time="0.000"/>
  <system-out/>
  <testcase classname="assignment1.A" name="m1" time="0.000"/>
  <system-out/>
  <testcase classname="assignment1.A" name="m1" time="0.000"/>
  <system-out/>
  <testcase classname="assignment1.A" name="m1" time="0.001"/>
  <system-out/>
  <testcase classname="assignment1.A" name="m1" time="0.000"/>
  <system-out/>
  <testcase classname="assignment1.A" name="m1" time="0.000"/>
  <system-out/>
  <testcase classname="assignment1.A" name="m1" time="0.000"/>
  <system-out/>
  <testcase classname="assignment1.A" name="m1" time="0.000"/>
  <system-out/>
  <testcase classname="assignment1.A" name="m1" time="0.000"/>
  <system-out/>
  <testcase classname="assignment1.A" name="m1" time="0.000"/>
  <system-out/>
  <testcase classname="assignment1.A" name="m1" time="0.000"/>
  <system-out/>
  <testcase classname="assignment1.A" name="m1" time="0.000"/>
  <system-out/>
  <testcase classname="assignment1.A" name="m1" time="0.000"/>
  <system-out/>
  <testcase classname="assignment1.A" name="m1" time="0.000"/>
  <system-out/>
  <testcase classname="assignment1.A" name="m1" time="0.001"/>
  <system-out/>
  <testcase classname="assignment1.A" name="m1" time="0.000"/>
  <system-out/>
  <testcase classname="assignment1.A" name="m1" time="0.000"/>
  <system-out/>
  <testcase classname="assignment1.A" name="m1" time="0.000"/>
  <system-out/>
  <testcase classname="assignment1.A" name="m1" time="0.000"/>
  <system-out/>
  <testcase classname="assignment1.A" name="m1" time="0.000"/>
  <system-out/>
  <testcase classname="assignment1.A" name="m1" time="0.000"/>
  <system-out/>
  <testcase classname="assignment1.A" name="m1" time="0.000"/>
  <system-out/>
  <testcase classname="assignment1.A" name="m1" time="0.000"/>
  <system-out/>
  <testcase classname="assignment1.A" name="m1" time="0.000"/>
  <system-out/>
  <testcase classname="assignment1.A" name="m1" time="0.001"/>
  <system-out/>
  <testcase classname="assignment1.A" name="m1" time="0.000"/>
  <system-out/>
  <testcase classname="assignment1.A" name="m1" time="0.000"/>
  <system-out/>
  <testcase classname="assignment1.A" name="m1" time="0.001"/>
  <system-out/>
  <testcase classname="assignment1.A" name="m1" time="0.000"/>
  <system-out/>
  <testcase classname="assignment1.A" name="m1" time="0.000"/>
  <system-out/>
  <testcase classname="assignment1.A" name="m1" time="0.000"/>
  <system-out/>
  <testcase classname="assignment1.A" name="m1" time="0.000"/>
  <system-out/>
  <testcase classname="assignment1.A" name="m1" time="0.000"/>
  <system-out/>
  <testcase classname="assignment1.A" name="m1" time="0.000"/>
  <system-out/>
  <testcase classname="assignment1.A" name="m1" time="0.000"/>
  <system-out/>
  <testcase classname="assignment1.A" name="m1" time="0.001"/>
  <system-out/>
  <testcase classname="assignment1.A" name="m1" time="0.000"/>
  <system-out/>
  <testcase classname="assignment1.A" name="m1" time="0.000"/>
  <system-out/>
  <testcase classname="assignment1.A" name="m1" time="0.001"/>
  <system-out/>
  <testcase classname="assignment1.A" name="m1" time="0.000"/>
  <system-out/>
  <testcase classname="assignment1.A" name="m1" time="0.000"/>
  <system-out/>
  <testcase classname="assignment1.A" name="m1" time="0.000"/>
  <system-out/>
  <testcase classname="assignment1.A" name="m1" time="0.001"/>
  <system-out/>
  <testcase classname="assignment1.A" name="m1" time="0.000"/>
  <system-out/>
  <testcase classname="assignment1.A" name="m1" time="0.001"/>
  <system-out/>
  <testcase classname="assignment1.A" name="m1" time="0.000"/>
  <system-out/>
  <testcase classname="assignment1.A" name="m1" time="0.000"/>
  <system-out/>
  <testcase classname="assignment1.A" name="m1" time="0.000"/>
  <system-out/>
  <testcase classname="assignment1.A" name="m1" time="0.000"/>
  <system-out/>
  <testcase classname="assignment1.A" name="m1" time="0.000"/>
  <system-out/>
  <testcase classname="assignment1.A" name="m1" time="0.000"/>
  <system-out/>
  <testcase classname="assignment1.A" name="m1" time="0.000"/>
  <system-out/>
  <testcase classname="assignment1.A" name="m1" time="0.000"/>
  <system-out/>
  <testcase classname="assignment1.A" name="m1" time="0.000"/>
  <system-out/>
  <testcase classname="assignment1.A" name="m1" time="0.000"/>
  <system-out/>
  <testcase classname="assignment1.A" name="m1" time="0.000"/>
  <system-out/>
  <testcase classname="assignment1.A" name="m1" time="0.000"/>
  <system-out/>
  <testcase classname="assignment1.A" name="m1" time="0.000"/>
  <system-out/>
  <testcase classname="assignment1.A" name="m1" time="0.000"/>
  <system-out/>
  <testcase classname="assignment1.A" name="m1" time="0.001"/>
  <system-out/>
  <testcase classname="assignment1.A" name="m1" time="0.000"/>
  <system-out/>
  <testcase classname="assignment1.A" name="m1" time="0.000"/>
  <system-out/>
  <testcase classname="assignment1.A" name="m1" time="0.000"/>
  <system-out/>
  <testcase classname="assignment1.A" name="m1" time="0.000"/>
  <system-out/>
  <testcase classname="assignment1.A" name="m1" time="0.000"/>
  <system-out/>
  <testcase classname="assignment1.A" name="m1" time="0.000"/>
  <system-out/>
  <testcase classname="assignment1.A" name="m1" time="0.000"/>
  <system-out/>
  <testcase classname="assignment1.A" name="m1" time="0.001"/>
  <system-out/>
  <testcase classname="assignment1.A" name="m1" time="0.001"/>
  <system-out/>
  <testcase classname="assignment1.A" name="m1" time="0.000"/>
  <system-out/>
  <testcase classname="assignment1.A" name="m1" time="0.000"/>
  <system-out/>
  <testcase classname="assignment1.A" name="m1" time="0.001"/>
  <system-out/>
  <testcase classname="assignment1.A" name="m1" time="0.000"/>
  <system-out/>
  <testcase classname="assignment1.A" name="m1" time="0.000"/>
  <system-out/>
  <testcase classname="assignment1.A" name="m1" time="0.000"/>
  <system-out/>
  <testcase classname="assignment1.A" name="m1" time="0.000"/>
  <system-out/>
  <testcase classname="assignment1.A" name="m1" time="0.000"/>
  <system-out/>
  <testcase classname="assignment1.A" name="m1" time="0.000"/>
  <system-out/>
  <testcase classname="assignment1.A" name="m1" time="0.000"/>
  <system-out/>
  <testcase classname="assignment1.A" name="m1" time="0.000"/>
  <system-out/>
  <testcase classname="assignment1.A" name="m1" time="0.000"/>
  <system-out/>
  <testcase classname="assignment1.A" name="m1" time="0.000"/>
  <system-out/>
  <testcase classname="assignment1.A" name="m1" time="0.002"/>
  <system-out/>
  <testcase classname="assignment1.A" name="m1" time="0.001"/>
  <system-out/>
  <testcase classname="assignment1.A" name="m1" time="0.001"/>
  <system-out/>
  <testcase classname="assignment1.A" name="m1" time="0.000"/>
  <system-out/>
  <testcase classname="assignment1.A" name="m1" time="0.000"/>
  <system-out/>
  <testcase classname="assignment1.A" name="m1" time="0.000"/>
  <system-out/>
  <testcase classname="assignment1.A" name="m1" time="0.000"/>
  <system-out/>
  <testcase classname="assignment1.A" name="m1" time="0.000"/>
  <system-out/>
  <testcase classname="assignment1.A" name="m1" time="0.000"/>
  <system-out/>
  <testcase classname="assignment1.A" name="m1" time="0.000"/>
  <system-out/>
  <testcase classname="assignment1.A" name="m1" time="0.001"/>
  <system-out/>
  <testcase classname="assignment1.A" name="m1" time="0.000"/>
  <system-out/>
  <testcase classname="assignment1.A" name="m1" time="0.000"/>
  <system-out/>
  <testcase classname="assignment1.A" name="m1" time="0.000"/>
  <system-out/>
  <testcase classname="assignment1.A" name="m1" time="0.001"/>
  <system-out/>
  <testcase classname="assignment1.A" name="m1" time="0.000"/>
  <system-out/>
  <testcase classname="assignment1.A" name="m1" time="0.000"/>
  <system-out/>
  <testcase classname="assignment1.A" name="m1" time="0.001"/>
  <system-out/>
  <testcase classname="assignment1.A" name="m1" time="0.000"/>
  <system-out/>
  <testcase classname="assignment1.A" name="m1" time="0.000"/>
  <system-out/>
  <testcase classname="assignment1.A" name="m1" time="0.000"/>
  <system-out/>
  <testcase classname="assignment1.A" name="m1" time="0.001"/>
  <system-out/>
  <testcase classname="assignment1.A" name="m1" time="0.001"/>
  <system-out/>
  <testcase classname="assignment1.A" name="m1" time="0.000"/>
  <system-out/>
  <testcase classname="assignment1.A" name="m1" time="0.001"/>
  <system-out/>
  <testcase classname="assignment1.A" name="m1" time="0.000"/>
  <system-out/>
  <testcase classname="assignment1.A" name="m1" time="0.000"/>
  <system-out/>
  <testcase classname="assignment1.A" name="m1" time="0.000"/>
  <system-out/>
  <testcase classname="assignment1.A" name="m1" time="0.000"/>
  <system-out/>
  <testcase classname="assignment1.A" name="m1" time="0.000"/>
  <system-out/>
  <testcase classname="assignment1.A" name="m1" time="0.000"/>
  <system-out/>
  <testcase classname="assignment1.A" name="m1" time="0.000"/>
  <system-out/>
  <testcase classname="assignment1.A" name="m1" time="0.000"/>
  <system-out/>
  <testcase classname="assignment1.A" name="m1" time="0.000"/>
  <system-out/>
  <testcase classname="assignment1.A" name="m1" time="0.000"/>
  <system-out/>
  <testcase classname="assignment1.A" name="m1" time="0.000"/>
  <system-out/>
  <testcase classname="assignment1.A" name="m1" time="0.001"/>
  <system-out/>
  <testcase classname="assignment1.A" name="m1" time="0.000"/>
  <system-out/>
  <testcase classname="assignment1.A" name="m1" time="0.000"/>
  <system-out/>
  <testcase classname="assignment1.A" name="m1" time="0.000"/>
  <system-out/>
  <testcase classname="assignment1.A" name="m1" time="0.000"/>
  <system-out/>
  <testcase classname="assignment1.A" name="m1" time="0.000"/>
  <system-out/>
  <testcase classname="assignment1.A" name="m1" time="0.000"/>
  <system-out/>
  <testcase classname="assignment1.A" name="m1" time="0.000"/>
  <system-out/>
  <testcase classname="assignment1.A" name="m1" time="0.000"/>
  <system-out/>
  <testcase classname="assignment1.A" name="m1" time="0.001"/>
  <system-out/>
  <testcase classname="assignment1.A" name="m1" time="0.000"/>
  <system-out/>
  <testcase classname="assignment1.A" name="m1" time="0.000"/>
  <system-out/>
  <testcase classname="assignment1.A" name="m1" time="0.002"/>
  <system-out/>
  <testcase classname="assignment1.A" name="m1" time="0.000"/>
  <system-out/>
  <testcase classname="assignment1.A" name="m1" time="0.002"/>
  <system-out/>
  <testcase classname="assignment1.A" name="m1" time="0.000"/>
  <system-out/>
  <testcase classname="assignment1.A" name="m1" time="0.000"/>
  <system-out/>
  <testcase classname="assignment1.A" name="m1" time="0.000"/>
  <system-out/>
  <testcase classname="assignment1.A" name="m1" time="0.000"/>
  <system-out/>
  <testcase classname="assignment1.A" name="m1" time="0.000"/>
  <system-out/>
  <testcase classname="assignment1.A" name="m1" time="0.000"/>
  <system-out/>
  <testcase classname="assignment1.A" name="m1" time="0.000"/>
  <system-out/>
  <testcase classname="assignment1.A" name="m1" time="0.000"/>
  <system-out/>
  <testcase classname="assignment1.A" name="m1" time="0.000"/>
  <system-out/>
  <testcase classname="assignment1.A" name="m1" time="0.000"/>
  <system-out/>
  <testcase classname="assignment1.A" name="m1" time="0.000"/>
  <system-out/>
  <testcase classname="assignment1.A" name="m1" time="0.000"/>
  <system-out/>
  <testcase classname="assignment1.A" name="m1" time="0.000"/>
  <system-out/>
  <testcase classname="assignment1.A" name="m1" time="0.000"/>
  <system-out/>
  <testcase classname="assignment1.A" name="m1" time="0.000"/>
  <system-out/>
  <testcase classname="assignment1.A" name="m1" time="0.000"/>
  <system-out/>
  <testcase classname="assignment1.A" name="m1" time="0.000"/>
  <system-out/>
  <testcase classname="assignment1.A" name="m1" time="0.001"/>
  <system-out/>
  <testcase classname="assignment1.A" name="m1" time="0.000"/>
  <system-out/>
  <testcase classname="assignment1.A" name="m1" time="0.001"/>
  <system-out/>
  <testcase classname="assignment1.A" name="m1" time="0.000"/>
  <system-out/>
  <testcase classname="assignment1.A" name="m1" time="0.000"/>
  <system-out/>
  <testcase classname="assignment1.A" name="m1" time="0.000"/>
  <system-out/>
  <testcase classname="assignment1.A" name="m1" time="0.001"/>
  <system-out/>
  <testcase classname="assignment1.A" name="m1" time="0.000"/>
  <system-out/>
  <testcase classname="assignment1.A" name="m1" time="0.000"/>
  <system-out/>
  <testcase classname="assignment1.A" name="m1" time="0.000"/>
  <system-out/>
  <testcase classname="assignment1.A" name="m1" time="0.000"/>
  <system-out/>
  <testcase classname="assignment1.A" name="m1" time="0.000"/>
  <system-out/>
  <testcase classname="assignment1.A" name="m1" time="0.000"/>
  <system-out/>
  <testcase classname="assignment1.A" name="m1" time="0.000"/>
  <system-out/>
  <testcase classname="assignment1.A" name="m1" time="0.000"/>
  <system-out/>
  <testcase classname="assignment1.A" name="m1" time="0.000"/>
  <system-out/>
  <testcase classname="assignment1.A" name="m1" time="0.000"/>
  <system-out/>
  <testcase classname="assignment1.A" name="m1" time="0.000"/>
  <system-out/>
  <testcase classname="assignment1.A" name="m1" time="0.000"/>
  <system-out/>
  <testcase classname="assignment1.A" name="m1" time="0.001"/>
  <system-out/>
  <testcase classname="assignment1.A" name="m1" time="0.001"/>
  <system-out/>
  <testcase classname="assignment1.A" name="m1" time="0.000"/>
  <system-out/>
  <testcase classname="assignment1.A" name="m1" time="0.000"/>
  <system-out/>
  <testcase classname="assignment1.A" name="m1" time="0.000"/>
  <system-out/>
  <testcase classname="assignment1.A" name="m1" time="0.001"/>
  <system-out/>
  <testcase classname="assignment1.A" name="m1" time="0.000"/>
  <system-out/>
  <testcase classname="assignment1.A" name="m1" time="0.000"/>
  <system-out/>
  <testcase classname="assignment1.A" name="m1" time="0.000"/>
  <system-out/>
  <testcase classname="assignment1.A" name="m1" time="0.000"/>
  <system-out/>
  <testcase classname="assignment1.A" name="m1" time="0.000"/>
  <system-out/>
  <testcase classname="assignment1.A" name="m1" time="0.000"/>
  <system-out/>
  <testcase classname="assignment1.A" name="m1" time="0.000"/>
  <system-out/>
  <testcase classname="assignment1.A" name="m1" time="0.000"/>
  <system-out/>
  <testcase classname="assignment1.A" name="m1" time="0.001"/>
  <system-out/>
  <testcase classname="assignment1.A" name="m1" time="0.001"/>
  <system-out/>
  <testcase classname="assignment1.A" name="m1" time="0.000"/>
  <system-out/>
  <testcase classname="assignment1.A" name="m1" time="0.000"/>
  <system-out/>
  <testcase classname="assignment1.A" name="m1" time="0.000"/>
  <system-out/>
  <testcase classname="assignment1.A" name="m1" time="0.000"/>
  <system-out/>
  <testcase classname="assignment1.A" name="m1" time="0.000"/>
  <system-out/>
  <testcase classname="assignment1.A" name="m1" time="0.000"/>
  <system-out/>
  <testcase classname="assignment1.A" name="m1" time="0.000"/>
  <system-out/>
  <testcase classname="assignment1.A" name="m1" time="0.001"/>
  <system-out/>
  <testcase classname="assignment1.A" name="m1" time="0.000"/>
  <system-out/>
  <testcase classname="assignment1.A" name="m1" time="0.001"/>
  <system-out/>
  <testcase classname="assignment1.A" name="m1" time="0.000"/>
  <system-out/>
  <testcase classname="assignment1.A" name="m1" time="0.000"/>
  <system-out/>
  <testcase classname="assignment1.A" name="m1" time="0.000"/>
  <system-out/>
  <testcase classname="assignment1.A" name="m1" time="0.000"/>
  <system-out/>
  <testcase classname="assignment1.A" name="m1" time="0.000"/>
  <system-out/>
  <testcase classname="assignment1.A" name="m1" time="0.000"/>
  <system-out/>
  <testcase classname="assignment1.A" name="m1" time="0.000"/>
  <system-out/>
  <testcase classname="assignment1.A" name="m1" time="0.000"/>
  <system-out/>
  <testcase classname="assignment1.A" name="m1" time="0.000"/>
  <system-out/>
  <testcase classname="assignment1.A" name="m1" time="0.000"/>
  <system-out/>
  <testcase classname="assignment1.A" name="m1" time="0.001"/>
  <system-out/>
  <testcase classname="assignment1.A" name="m1" time="0.000"/>
  <system-out/>
  <testcase classname="assignment1.A" name="m1" time="0.000"/>
  <system-out/>
  <testcase classname="assignment1.A" name="m1" time="0.001"/>
  <system-out/>
  <testcase classname="assignment1.A" name="m1" time="0.000"/>
  <system-out/>
  <testcase classname="assignment1.A" name="m1" time="0.000"/>
  <system-out/>
  <testcase classname="assignment1.A" name="m1" time="0.000"/>
  <system-out/>
  <testcase classname="assignment1.A" name="m1" time="0.000"/>
  <system-out/>
  <testcase classname="assignment1.A" name="m1" time="0.000"/>
  <system-out/>
  <testcase classname="assignment1.A" name="m1" time="0.000"/>
  <system-out/>
  <testcase classname="assignment1.A" name="m1" time="0.000"/>
  <system-out/>
  <testcase classname="assignment1.A" name="m1" time="0.001"/>
  <system-out/>
  <testcase classname="assignment1.A" name="m1" time="0.000"/>
  <system-out/>
  <testcase classname="assignment1.A" name="m1" time="0.000"/>
  <system-out/>
  <testcase classname="assignment1.A" name="m1" time="0.000"/>
  <system-out/>
  <testcase classname="assignment1.A" name="m1" time="0.000"/>
  <system-out/>
  <testcase classname="assignment1.A" name="m1" time="0.000"/>
  <system-out/>
  <testcase classname="assignment1.A" name="m1" time="0.001"/>
  <system-out/>
  <testcase classname="assignment1.A" name="m1" time="0.000"/>
  <system-out/>
  <testcase classname="assignment1.A" name="m1" time="0.002"/>
  <system-out/>
  <testcase classname="assignment1.A" name="m1" time="0.001"/>
  <system-out/>
  <testcase classname="assignment1.A" name="m1" time="0.001"/>
  <system-out/>
  <testcase classname="assignment1.A" name="m1" time="0.000"/>
  <system-out/>
  <testcase classname="assignment1.A" name="m1" time="0.000"/>
  <system-out/>
  <testcase classname="assignment1.A" name="m1" time="0.001"/>
  <system-out/>
  <testcase classname="assignment1.A" name="m1" time="0.000"/>
  <system-out/>
  <testcase classname="assignment1.A" name="m1" time="0.000"/>
  <system-out/>
  <testcase classname="assignment1.A" name="m1" time="0.001"/>
  <system-out/>
  <testcase classname="assignment1.A" name="m1" time="0.000"/>
  <system-out/>
  <testcase classname="assignment1.A" name="m1" time="0.000"/>
  <system-out/>
  <testcase classname="assignment1.A" name="m1" time="0.000"/>
  <system-out/>
  <testcase classname="assignment1.A" name="m1" time="0.001"/>
  <system-out/>
  <testcase classname="assignment1.A" name="m1" time="0.000"/>
  <system-out/>
  <testcase classname="assignment1.A" name="m1" time="0.000"/>
  <system-out/>
  <testcase classname="assignment1.A" name="m1" time="0.000"/>
  <system-out/>
  <testcase classname="assignment1.A" name="m1" time="0.000"/>
  <system-out/>
  <testcase classname="assignment1.A" name="m1" time="0.000"/>
  <system-out/>
  <testcase classname="assignment1.A" name="m1" time="0.000"/>
  <system-out/>
  <testcase classname="assignment1.A" name="m1" time="0.000"/>
  <system-out/>
  <testcase classname="assignment1.A" name="m1" time="0.000"/>
  <system-out/>
  <testcase classname="assignment1.A" name="m1" time="0.007"/>
  <system-out/>
  <testcase classname="assignment1.A" name="m1" time="0.001"/>
  <system-out/>
  <testcase classname="assignment1.A" name="m1" time="0.000"/>
  <system-out/>
  <testcase classname="assignment1.A" name="m1" time="0.000"/>
  <system-out/>
  <testcase classname="assignment1.A" name="m1" time="0.000"/>
  <system-out/>
  <testcase classname="assignment1.A" name="m1" time="0.000"/>
  <system-out/>
  <testcase classname="assignment1.A" name="m1" time="0.000"/>
  <system-out/>
  <testcase classname="assignment1.A" name="m1" time="0.000"/>
  <system-out/>
  <testcase classname="assignment1.A" name="m1" time="0.000"/>
  <system-out/>
  <testcase classname="assignment1.A" name="m1" time="0.000"/>
  <system-out/>
  <testcase classname="assignment1.A" name="m1" time="0.000"/>
  <system-out/>
  <testcase classname="assignment1.A" name="m1" time="0.000"/>
  <system-out/>
  <testcase classname="assignment1.A" name="m1" time="0.000"/>
  <system-out/>
  <testcase classname="assignment1.A" name="m1" time="0.000"/>
  <system-out/>
  <testcase classname="assignment1.A" name="m1" time="0.000"/>
  <system-out/>
  <testcase classname="assignment1.A" name="m1" time="0.000"/>
  <system-out/>
  <testcase classname="assignment1.A" name="m1" time="0.000"/>
  <system-out/>
  <testcase classname="assignment1.A" name="m1" time="0.001"/>
  <system-out/>
  <testcase classname="assignment1.A" name="m1" time="0.000"/>
  <system-out/>
  <testcase classname="assignment1.A" name="m1" time="0.000"/>
  <system-out/>
  <testcase classname="assignment1.A" name="m1" time="0.000"/>
  <system-out/>
  <testcase classname="assignment1.A" name="m1" time="0.000"/>
  <system-out/>
  <testcase classname="assignment1.A" name="m1" time="0.000"/>
  <system-out/>
  <testcase classname="assignment1.A" name="m1" time="0.000"/>
  <system-out/>
  <testcase classname="assignment1.A" name="m1" time="0.000"/>
  <system-out/>
  <testcase classname="assignment1.A" name="m1" time="0.000"/>
  <system-out/>
  <testcase classname="assignment1.A" name="m1" time="0.000"/>
  <system-out/>
  <testcase classname="assignment1.A" name="m1" time="0.000"/>
  <system-out/>
  <testcase classname="assignment1.A" name="m1" time="0.000"/>
  <system-out/>
  <testcase classname="assignment1.A" name="m1" time="0.000"/>
  <system-out/>
  <testcase classname="assignment1.A" name="m1" time="0.000"/>
  <system-out/>
  <testcase classname="assignment1.A" name="m1" time="0.000"/>
  <system-out/>
  <testcase classname="assignment1.A" name="m1" time="0.000"/>
  <system-out/>
  <testcase classname="assignment1.A" name="m1" time="0.000"/>
  <system-out/>
  <testcase classname="assignment1.A" name="m1" time="0.000"/>
  <system-out/>
  <testcase classname="assignment1.A" name="m1" time="0.000"/>
  <system-out/>
  <testcase classname="assignment1.A" name="m1" time="0.000"/>
  <system-out/>
  <testcase classname="assignment1.A" name="m1" time="0.000"/>
  <system-out/>
  <testcase classname="assignment1.A" name="m1" time="0.001"/>
  <system-out/>
  <testcase classname="assignment1.A" name="m1" time="0.001"/>
  <system-out/>
  <testcase classname="assignment1.A" name="m1" time="0.001"/>
  <system-out/>
  <testcase classname="assignment1.A" name="m1" time="0.000"/>
  <system-out/>
  <testcase classname="assignment1.A" name="m1" time="0.000"/>
  <system-out/>
  <testcase classname="assignment1.A" name="m1" time="0.000"/>
  <system-out/>
  <testcase classname="assignment1.A" name="m1" time="0.001"/>
  <system-out/>
  <testcase classname="assignment1.A" name="m1" time="0.000"/>
  <system-out/>
  <testcase classname="assignment1.A" name="m1" time="0.001"/>
  <system-out/>
  <testcase classname="assignment1.A" name="m1" time="0.000"/>
  <system-out/>
  <testcase classname="assignment1.A" name="m1" time="0.000"/>
  <system-out/>
</testsuite> <!-- assignment1.A -->
