<?xml version="1.0" encoding="UTF-8"?>
<!-- Generated by org.testng.reporters.JUnitReportReporter -->
<testsuite hostname="LAPTOP-B0UCABTJ" failures="0" tests="2" name="testng1.ParallelClassExecution2" time="0.006" errors="0" timestamp="2022-04-05T20:50:27 IST" skipped="0">
  <testcase classname="testng1.ParallelClassExecution2" name="testCase4" time="0.001"/>
  <system-out/>
  <testcase classname="testng1.ParallelClassExecution2" name="testCase3" time="0.005"/>
  <system-out/>
</testsuite> <!-- testng1.ParallelClassExecution2 -->
