<?xml version="1.0" encoding="UTF-8"?>
<!-- Generated by org.testng.reporters.JUnitReportReporter -->
<testsuite hostname="LAPTOP-B0UCABTJ" failures="0" tests="4" name="testng1.ParallelTestTagExecution2" time="14.804" errors="0" timestamp="2022-04-05T21:35:39 IST" skipped="0">
  <testcase classname="testng1.ParallelTestTagExecution2" name="m3" time="6.416"/>
  <system-out/>
  <testcase classname="testng1.ParallelTestTagExecution2" name="m3" time="8.384"/>
  <system-out/>
  <testcase classname="testng1.ParallelTestTagExecution2" name="m4" time="0.001"/>
  <system-out/>
  <testcase classname="testng1.ParallelTestTagExecution2" name="m4" time="0.003"/>
  <system-out/>
</testsuite> <!-- testng1.ParallelTestTagExecution2 -->
