<?xml version="1.0" encoding="UTF-8"?>
<!-- Generated by org.testng.reporters.JUnitReportReporter -->
<testsuite hostname="LAPTOP-B0UCABTJ" failures="0" tests="4" name="testng1.ParallelTestTagExecution" time="17.075" errors="0" timestamp="2022-04-05T21:35:39 IST" skipped="0">
  <testcase classname="testng1.ParallelTestTagExecution" name="m2" time="0.001"/>
  <system-out/>
  <testcase classname="testng1.ParallelTestTagExecution" name="m1" time="10.328"/>
  <system-out/>
  <testcase classname="testng1.ParallelTestTagExecution" name="m2" time="0.007"/>
  <system-out/>
  <testcase classname="testng1.ParallelTestTagExecution" name="m1" time="6.739"/>
  <system-out/>
</testsuite> <!-- testng1.ParallelTestTagExecution -->
