<?xml version="1.0" encoding="UTF-8"?>
<!-- Generated by org.testng.reporters.JUnitReportReporter -->
<testsuite hostname="LAPTOP-B0UCABTJ" failures="0" tests="1" name="practice.Demo1" time="19.648" errors="0" timestamp="2022-04-07T22:41:06 IST" skipped="0">
  <testcase classname="practice.Demo1" name="m2" time="19.648"/>
  <system-out/>
</testsuite> <!-- practice.Demo1 -->
