<?xml version="1.0" encoding="UTF-8"?>
<!-- Generated by org.testng.reporters.JUnitReportReporter -->
<testsuite hostname="LAPTOP-B0UCABTJ" failures="0" tests="1" name="assignment1.Screenshot1" time="27.481" errors="0" timestamp="2022-04-16T20:29:49 IST" skipped="0">
  <testcase classname="assignment1.Screenshot1" name="t" time="27.481"/>
  <system-out>
    <![CDATA[test case passed]]>
  </system-out>
</testsuite> <!-- assignment1.Screenshot1 -->
