<?xml version="1.0" encoding="UTF-8"?>
<!-- Generated by org.testng.reporters.JUnitReportReporter -->
<testsuite hostname="LAPTOP-B0UCABTJ" failures="0" tests="20" name="testng1.Dptest" time="0.021" errors="0" timestamp="2022-04-21T11:29:12 IST" skipped="0">
  <testcase classname="testng1.Dptest" name="testdata1" time="0.001"/>
  <system-out/>
  <testcase classname="testng1.Dptest" name="testdata1" time="0.000"/>
  <system-out/>
  <testcase classname="testng1.Dptest" name="testdata1" time="0.000"/>
  <system-out/>
  <testcase classname="testng1.Dptest" name="testdata1" time="0.001"/>
  <system-out/>
  <testcase classname="testng1.Dptest" name="testdata1" time="0.001"/>
  <system-out/>
  <testcase classname="testng1.Dptest" name="testdata1" time="0.001"/>
  <system-out/>
  <testcase classname="testng1.Dptest" name="testdata1" time="0.001"/>
  <system-out/>
  <testcase classname="testng1.Dptest" name="testdata1" time="0.001"/>
  <system-out/>
  <testcase classname="testng1.Dptest" name="testdata1" time="0.000"/>
  <system-out/>
  <testcase classname="testng1.Dptest" name="testdata1" time="0.000"/>
  <system-out/>
  <testcase classname="testng1.Dptest" name="testdata1" time="0.006"/>
  <system-out/>
  <testcase classname="testng1.Dptest" name="testdata1" time="0.001"/>
  <system-out/>
  <testcase classname="testng1.Dptest" name="testdata1" time="0.001"/>
  <system-out/>
  <testcase classname="testng1.Dptest" name="testdata1" time="0.000"/>
  <system-out/>
  <testcase classname="testng1.Dptest" name="testdata1" time="0.001"/>
  <system-out/>
  <testcase classname="testng1.Dptest" name="testdata1" time="0.000"/>
  <system-out/>
  <testcase classname="testng1.Dptest" name="testdata1" time="0.001"/>
  <system-out/>
  <testcase classname="testng1.Dptest" name="testdata1" time="0.003"/>
  <system-out/>
  <testcase classname="testng1.Dptest" name="testdata1" time="0.001"/>
  <system-out/>
  <testcase classname="testng1.Dptest" name="testdata1" time="0.001"/>
  <system-out/>
</testsuite> <!-- testng1.Dptest -->
