<?xml version="1.0" encoding="UTF-8"?>
<!-- Generated by org.testng.reporters.JUnitReportReporter -->
<testsuite hostname="LAPTOP-B0UCABTJ" failures="0" tests="2" name="testng1.ParallelExecution1" time="14.805" errors="0" timestamp="2022-04-05T20:45:37 IST" skipped="0">
  <testcase classname="testng1.ParallelExecution1" name="m2" time="7.425"/>
  <system-out/>
  <testcase classname="testng1.ParallelExecution1" name="m1" time="7.380"/>
  <system-out/>
</testsuite> <!-- testng1.ParallelExecution1 -->
